0 info it worked if it ends with ok
1 verbose cli [ 'C:\\Program Files\\nodejs\\node.exe',
1 verbose cli   'C:\\Program Files\\nodejs\\node_modules\\npm\\bin\\npm-cli.js',
1 verbose cli   'start' ]
2 info using npm@4.0.5
3 info using node@v7.4.0
4 verbose run-script [ 'prestart', 'start', 'poststart' ]
5 info lifecycle reactproject@1.0.0~prestart: reactproject@1.0.0
6 silly lifecycle reactproject@1.0.0~prestart: no script for prestart, continuing
7 info lifecycle reactproject@1.0.0~start: reactproject@1.0.0
8 verbose lifecycle reactproject@1.0.0~start: unsafe-perm in lifecycle true
9 verbose lifecycle reactproject@1.0.0~start: PATH: C:\Program Files\nodejs\node_modules\npm\bin\node-gyp-bin;C:\Users\MARVINB\Documents\GitHub\marvinb_reactjs\MagenicMasters-ReactJS\node_modules\.bin;C:\ProgramData\Oracle\Java\javapath;C:\WINDOWS\system32;C:\WINDOWS;C:\WINDOWS\System32\Wbem;C:\WINDOWS\System32\WindowsPowerShell\v1.0\;C:\Program Files\Microsoft\Web Platform Installer\;C:\Program Files (x86)\Microsoft ASP.NET\ASP.NET Web Pages\v1.0\;C:\Program Files\Microsoft SQL Server\110\Tools\Binn\;C:\Program Files (x86)\Skype\Phone\;C:\Program Files (x86)\Windows Kits\8.1\Windows Performance Toolkit\;C:\Program Files\nodejs\;C:\Users\MARVINB\AppData\Roaming\npm;C:\Program Files (x86)\Microsoft VS Code\bin
10 verbose lifecycle reactproject@1.0.0~start: CWD: C:\Users\MARVINB\Documents\GitHub\marvinb_reactjs\MagenicMasters-ReactJS
11 silly lifecycle reactproject@1.0.0~start: Args: [ '/d /s /c',
11 silly lifecycle   'webpack-dev-server -d --progress --colors --display-error-details' ]
<<<<<<< HEAD
12 silly lifecycle reactproject@1.0.0~start: Returned: code: 3221225786  signal: null
13 info lifecycle reactproject@1.0.0~start: Failed to exec start script
14 verbose stack Error: reactproject@1.0.0 start: `webpack-dev-server -d --progress --colors --display-error-details`
14 verbose stack Exit status 3221225786
14 verbose stack     at EventEmitter.<anonymous> (C:\Program Files\nodejs\node_modules\npm\lib\utils\lifecycle.js:279:16)
14 verbose stack     at emitTwo (events.js:106:13)
14 verbose stack     at EventEmitter.emit (events.js:191:7)
14 verbose stack     at ChildProcess.<anonymous> (C:\Program Files\nodejs\node_modules\npm\lib\utils\spawn.js:40:14)
14 verbose stack     at emitTwo (events.js:106:13)
14 verbose stack     at ChildProcess.emit (events.js:191:7)
14 verbose stack     at maybeClose (internal/child_process.js:885:16)
14 verbose stack     at Process.ChildProcess._handle.onexit (internal/child_process.js:226:5)
15 verbose pkgid reactproject@1.0.0
16 verbose cwd C:\Users\MARVINB\Documents\GitHub\marvinb_reactjs\MagenicMasters-ReactJS
17 error Windows_NT 6.3.9600
18 error argv "C:\\Program Files\\nodejs\\node.exe" "C:\\Program Files\\nodejs\\node_modules\\npm\\bin\\npm-cli.js" "start"
19 error node v7.4.0
20 error npm  v4.0.5
21 error code ELIFECYCLE
22 error reactproject@1.0.0 start: `webpack-dev-server -d --progress --colors --display-error-details`
22 error Exit status 3221225786
23 error Failed at the reactproject@1.0.0 start script 'webpack-dev-server -d --progress --colors --display-error-details'.
23 error Make sure you have the latest version of node.js and npm installed.
23 error If you do, this is most likely a problem with the reactproject package,
23 error not with npm itself.
23 error Tell the author that this fails on your system:
23 error     webpack-dev-server -d --progress --colors --display-error-details
23 error You can get information on how to open an issue for this project with:
23 error     npm bugs reactproject
23 error Or if that isn't available, you can get their info via:
23 error     npm owner ls reactproject
23 error There is likely additional logging output above.
24 verbose exit [ 1, true ]
=======
12 verbose stack Error: kill ENOSYS
12 verbose stack     at exports._errnoException (util.js:1022:11)
12 verbose stack     at process.kill (internal/process.js:173:13)
12 verbose stack     at process.listener (C:\Program Files\nodejs\node_modules\npm\node_modules\npmlog\node_modules\gauge\node_modules\signal-exit\index.js:86:15)
12 verbose stack     at emitNone (events.js:91:20)
12 verbose stack     at process.emit (events.js:185:7)
12 verbose stack     at processEmit (C:\Program Files\nodejs\node_modules\npm\node_modules\npmlog\node_modules\gauge\node_modules\signal-exit\index.js:146:32)
12 verbose stack     at processEmit (C:\Program Files\nodejs\node_modules\npm\node_modules\npm-registry-client\node_modules\npmlog\node_modules\gauge\node_modules\signal-exit\index.js:146:32)
12 verbose stack     at Signal.wrap.onsignal (internal/process.js:200:44)
13 verbose cwd C:\Users\MARVINB\Documents\GitHub\marvinb_reactjs\MagenicMasters-ReactJS
14 error Windows_NT 6.3.9600
15 error argv "C:\\Program Files\\nodejs\\node.exe" "C:\\Program Files\\nodejs\\node_modules\\npm\\bin\\npm-cli.js" "start"
16 error node v7.4.0
17 error npm  v4.0.5
18 error code ENOSYS
19 error errno ENOSYS
20 error syscall kill
21 error kill ENOSYS
22 error If you need help, you may report this error at:
22 error     <https://github.com/npm/npm/issues>
23 verbose exit [ 1, true ]
>>>>>>> refs/remotes/origin/dev
